[04:31:21] [ServerMain/INFO]: Environment: Environment[sessionHost=https://sessionserver.mojang.com, servicesHost=https://api.minecraftservices.com, name=PROD]
[04:31:23] [ServerMain/INFO]: No existing world data, creating new world
[04:31:24] [ServerMain/INFO]: Loaded 1337 recipes
[04:31:24] [ServerMain/INFO]: Loaded 1448 advancements
[04:31:25] [Server thread/INFO]: Starting minecraft server version 1.21.3
[04:31:25] [Server thread/INFO]: Loading properties
[04:31:25] [Server thread/INFO]: Default game type: SURVIVAL
[04:31:25] [Server thread/INFO]: Generating keypair
[04:31:25] [Server thread/INFO]: Starting Minecraft server on *:25565
[04:31:25] [Server thread/INFO]: Using epoll channel type
[04:31:25] [Server thread/WARN]: **** SERVER IS RUNNING IN OFFLINE/INSECURE MODE!
[04:31:25] [Server thread/WARN]: The server will make no attempt to authenticate usernames. Beware.
[04:31:25] [Server thread/WARN]: While this makes the game possible to play without internet access, it also opens up the ability for hackers to connect with any username they choose.
[04:31:25] [Server thread/WARN]: To change this, set "online-mode" to "true" in the server.properties file.
[04:31:25] [Server thread/INFO]: Preparing level "world"
[04:31:37] [Server thread/INFO]: Preparing start region for dimension minecraft:overworld
[04:31:37] [Worker-Main-1/INFO]: Preparing spawn area: 2%
[04:31:38] [Worker-Main-1/INFO]: Preparing spawn area: 2%
[04:31:38] [Worker-Main-1/INFO]: Preparing spawn area: 2%
[04:31:39] [Worker-Main-1/INFO]: Preparing spawn area: 2%
[04:31:39] [Worker-Main-1/INFO]: Preparing spawn area: 2%
[04:31:40] [Worker-Main-1/INFO]: Preparing spawn area: 2%
[04:31:40] [Worker-Main-1/INFO]: Preparing spawn area: 2%
[04:31:41] [Worker-Main-1/INFO]: Preparing spawn area: 2%
[04:31:41] [Worker-Main-1/INFO]: Preparing spawn area: 2%
[04:31:42] [Worker-Main-1/INFO]: Preparing spawn area: 2%
[04:31:42] [Worker-Main-1/INFO]: Preparing spawn area: 2%
[04:31:43] [Worker-Main-1/INFO]: Preparing spawn area: 2%
[04:31:43] [Worker-Main-1/INFO]: Preparing spawn area: 2%
[04:31:44] [Worker-Main-1/INFO]: Preparing spawn area: 2%
[04:31:44] [Worker-Main-1/INFO]: Preparing spawn area: 2%
[04:31:45] [Worker-Main-1/INFO]: Preparing spawn area: 2%
[04:31:45] [Worker-Main-1/INFO]: Preparing spawn area: 2%
[04:31:46] [Worker-Main-1/INFO]: Preparing spawn area: 2%
[04:31:46] [Worker-Main-1/INFO]: Preparing spawn area: 2%
[04:31:47] [Server thread/INFO]: Time elapsed: 9347 ms
[04:31:47] [Server thread/INFO]: Done (21.301s)! For help, type "help"
[04:32:46] [Server thread/INFO]: Stopping the server
[04:32:46] [Server thread/INFO]: Stopping server
[04:32:46] [Server thread/INFO]: Saving players
[04:32:46] [Server thread/INFO]: Saving worlds
[04:32:47] [Server thread/INFO]: Saving chunks for level 'ServerLevel[world]'/minecraft:overworld
[04:32:48] [Server thread/INFO]: Saving chunks for level 'ServerLevel[world]'/minecraft:the_nether
[04:32:48] [Server thread/INFO]: Saving chunks for level 'ServerLevel[world]'/minecraft:the_end
[04:32:48] [Server thread/INFO]: ThreadedAnvilChunkStorage (world): All chunks are saved
[04:32:48] [Server thread/INFO]: ThreadedAnvilChunkStorage (DIM-1): All chunks are saved
[04:32:48] [Server thread/INFO]: ThreadedAnvilChunkStorage (DIM1): All chunks are saved
[04:32:48] [Server thread/INFO]: ThreadedAnvilChunkStorage: All dimensions are saved
